<?xml version="1.0" encoding="UTF-8"?>
<!-- Generated by org.testng.reporters.JUnitXMLReporter -->
<testsuite ignored="0" hostname="DESKTOP-5ONIJA5" failures="1" tests="1" name="Test(failed)" time="138.541" errors="0" timestamp="2025-01-09T11:45:11 IST">
  <testcase classname="testCases.Tc002LoginTest" name="verify_login" time="30.171">
    <failure type="java.lang.AssertionError" message="null">
      <![CDATA[java.lang.AssertionError: null
at testCases.Tc002LoginTest.verify_login(Tc002LoginTest.java:43)
at java.base/java.util.ArrayList.forEach(ArrayList.java:1596)
... Removed 27 stack frames]]>
    </failure>
  </testcase> <!-- verify_login -->
</testsuite> <!-- Test(failed) -->
